Using pre-set license
Built from '2021.1/staging' branch; Version is '2021.1.13f1 (a03098edbbe0) revision 10498200'; Using compiler version '192528614'; Build Type 'Release'
OS: 'Windows 10 Pro; OS build 19042.1110; Version 2009; 64bit' Language: 'en' Physical Memory: 3974 MB
BatchMode: 1, IsHumanControllingUs: 0, StartBugReporterOnCrash: 0, Is64bit: 1, IsPro: 0

 COMMAND LINE ARGUMENTS:
D:\2021.1.13f1\Editor\Unity.exe
-adb2
-batchMode
-noUpm
-name
AssetImportWorker2
-projectPath
D:/Unity Projects/Basic App/New Unity Project
-logFile
Logs/AssetImportWorker2.log
-srvPort
58440
Successfully changed project path to: D:/Unity Projects/Basic App/New Unity Project
D:/Unity Projects/Basic App/New Unity Project
Using Asset Import Pipeline V2.
Refreshing native plugins compatible for Editor in 350.23 ms, found 3 plugins.
Preloading 0 native plugins for Editor in 0.00 ms.
Initialize engine version: 2021.1.13f1 (a03098edbbe0)
[Subsystems] Discovering subsystems at path D:/2021.1.13f1/Editor/Data/Resources/UnitySubsystems
[Subsystems] Discovering subsystems at path D:/Unity Projects/Basic App/New Unity Project/Assets
GfxDevice: creating device client; threaded=0; jobified=0
Direct3D:
    Version:  Direct3D 11.0 [level 11.1]
    Renderer: Intel(R) HD Graphics 4400 (ID=0x41e)
    Vendor:   Intel
    VRAM:     1987 MB
    Driver:   20.19.15.4531
Initialize mono
Mono path[0] = 'D:/2021.1.13f1/Editor/Data/Managed'
Mono path[1] = 'D:/2021.1.13f1/Editor/Data/MonoBleedingEdge/lib/mono/unityjit'
Mono config path = 'D:/2021.1.13f1/Editor/Data/MonoBleedingEdge/etc'
Using monoOptions --debugger-agent=transport=dt_socket,embedding=1,server=y,suspend=n,address=127.0.0.1:56752
Begin MonoManager ReloadAssembly
Registering precompiled unity dll's ...
Register platform support module: D:/2021.1.13f1/Editor/Data/PlaybackEngines/WindowsStandaloneSupport/UnityEditor.WindowsStandalone.Extensions.dll
Registered in 0.001198 seconds.
Native extension for WindowsStandalone target not found
Refreshing native plugins compatible for Editor in 108.96 ms, found 3 plugins.
Preloading 0 native plugins for Editor in 0.00 ms.
Mono: successfully reloaded assembly
- Completed reload, in 12.354 seconds
Domain Reload Profiling:
	ReloadAssembly (12355ms)
		BeginReloadAssembly (60ms)
			ExecutionOrderSort (0ms)
			DisableScriptedObjects (0ms)
			BackupInstance (0ms)
			ReleaseScriptingObjects (0ms)
			CreateAndSetChildDomain (1ms)
		EndReloadAssembly (556ms)
			LoadAssemblies (58ms)
			RebuildTransferFunctionScriptingTraits (0ms)
			SetupTypeCache (199ms)
			ReleaseScriptCaches (0ms)
			RebuildScriptCaches (37ms)
			SetupLoadedEditorAssemblies (268ms)
				LogAssemblyErrors (0ms)
				InitializePlatformSupportModulesInManaged (7ms)
				SetLoadedEditorAssemblies (0ms)
				RefreshPlugins (109ms)
				BeforeProcessingInitializeOnLoad (2ms)
				ProcessInitializeOnLoadAttributes (114ms)
				ProcessInitializeOnLoadMethodAttributes (36ms)
				AfterProcessingInitializeOnLoad (0ms)
				EditorAssembliesLoaded (0ms)
			ExecutionOrderSort2 (0ms)
			AwakeInstancesAfterBackupRestoration (0ms)
Platform modules already initialized, skipping
Registering precompiled user dll's ...
Registered in 0.006140 seconds.
Begin MonoManager ReloadAssembly
Symbol file LoadedFromMemory doesn't match image D:\Unity Projects\Basic App\New Unity Project\Library\PackageCache\com.unity.visualscripting@1.6.1\Editor\VisualScripting.Core\Dependencies\YamlDotNet\Unity.VisualScripting.YamlDotNet.dll
Symbol file LoadedFromMemory doesn't match image D:\Unity Projects\Basic App\New Unity Project\Library\PackageCache\com.unity.visualscripting@1.6.1\Editor\VisualScripting.Core\Dependencies\DotNetZip\Unity.VisualScripting.IonicZip.dll
Native extension for WindowsStandalone target not found
Refreshing native plugins compatible for Editor in 0.90 ms, found 3 plugins.
Preloading 0 native plugins for Editor in 0.00 ms.
Mono: successfully reloaded assembly
- Completed reload, in  2.491 seconds
Domain Reload Profiling:
	ReloadAssembly (2491ms)
		BeginReloadAssembly (176ms)
			ExecutionOrderSort (0ms)
			DisableScriptedObjects (5ms)
			BackupInstance (0ms)
			ReleaseScriptingObjects (0ms)
			CreateAndSetChildDomain (29ms)
		EndReloadAssembly (2249ms)
			LoadAssemblies (836ms)
			RebuildTransferFunctionScriptingTraits (0ms)
			SetupTypeCache (488ms)
			ReleaseScriptCaches (1ms)
			RebuildScriptCaches (72ms)
			SetupLoadedEditorAssemblies (723ms)
				LogAssemblyErrors (0ms)
				InitializePlatformSupportModulesInManaged (5ms)
				SetLoadedEditorAssemblies (0ms)
				RefreshPlugins (1ms)
				BeforeProcessingInitializeOnLoad (97ms)
				ProcessInitializeOnLoadAttributes (610ms)
				ProcessInitializeOnLoadMethodAttributes (7ms)
				AfterProcessingInitializeOnLoad (2ms)
				EditorAssembliesLoaded (0ms)
			ExecutionOrderSort2 (0ms)
			AwakeInstancesAfterBackupRestoration (8ms)
Platform modules already initialized, skipping
========================================================================
Worker process is ready to serve import requests
Launched and connected shader compiler UnityShaderCompiler.exe after 0.77 seconds
Refreshing native plugins compatible for Editor in 2.00 ms, found 3 plugins.
Preloading 0 native plugins for Editor in 0.00 ms.
Unloading 3877 Unused Serialized files (Serialized files now loaded: 0)
System memory in use before: 165.0 MB.
System memory in use after: 165.2 MB.

Unloading 30 unused Assets to reduce memory usage. Loaded Objects now: 4340.
Total: 4.574900 ms (FindLiveObjects: 0.450200 ms CreateObjectMapping: 0.233800 ms MarkObjects: 3.741600 ms  DeleteObjects: 0.146500 ms)

AssetImportParameters requested are different than current active one (requested -> active):
  custom:framework-win-MediaFoundation: 216162199b28c13a410421893ffa2e32 -> 
  custom:video-decoder-ogg-theora: a1e56fd34408186e4bbccfd4996cb3dc -> 
  custom:container-muxer-webm: aa71ff27fc2769a1b78a27578f13a17b -> 
  custom:container-demuxer-webm: 4f35f7cbe854078d1ac9338744f61a02 -> 
  custom:container-demuxer-ogg: 62fdf1f143b41e24485cea50d1cbac27 -> 
  custom:video-encoder-webm-vp8: eb34c28f22e8b96e1ab97ce403110664 -> 
  custom:video-decoder-webm-vp8: 9c59270c3fd7afecdb556c50c9e8de78 -> 
  custom:audio-decoder-ogg-vorbis: bf7c407c2cedff20999df2af8eb42d56 -> 
  custom:audio-encoder-webm-vorbis: bf7c407c2cedff20999df2af8eb42d56 -> 
========================================================================
Received Import Request.
  path: Assets/tesseract/source/Tesseract_AnimAvatar.asset
  artifactKey: Guid(59bf14e4921aea743b965c399849f06d) Importer(815301076,1909f56bfc062723c751e8b465ee728b)
Start importing Assets/tesseract/source/Tesseract_AnimAvatar.asset using Guid(59bf14e4921aea743b965c399849f06d) Importer(815301076,1909f56bfc062723c751e8b465ee728b)  -> (artifact id: '9c6a5b328f77e55f16a96ec9e85e344d') in 1.738841 seconds 
========================================================================
Received Import Request.
  Time since last request: 0.000317 seconds.
  path: Assets/tesseract/source/SpinAnimationController.controller
  artifactKey: Guid(9f77eb48c74f1e146b97422847e835a7) Importer(815301076,1909f56bfc062723c751e8b465ee728b)
Start importing Assets/tesseract/source/SpinAnimationController.controller using Guid(9f77eb48c74f1e146b97422847e835a7) Importer(815301076,1909f56bfc062723c751e8b465ee728b)  -> (artifact id: 'b5eecd243d92b67e5f83b17938e22c3c') in 0.255450 seconds 
========================================================================
Received Import Request.
  Time since last request: 0.000948 seconds.
  path: Assets/tesseract/source/Tesseract_Anim.fbx
  artifactKey: Guid(d82dc72664ed0e04cb7d0b1605f2cd62) Importer(815301076,1909f56bfc062723c751e8b465ee728b)
Start importing Assets/tesseract/source/Tesseract_Anim.fbx using Guid(d82dc72664ed0e04cb7d0b1605f2cd62) Importer(815301076,1909f56bfc062723c751e8b465ee728b)  -> (artifact id: '66bc8527b11446d1daddc16b32ad06bc') in 1.031687 seconds 
========================================================================
Received Prepare
Registering precompiled user dll's ...
Registered in 0.120617 seconds.
Begin MonoManager ReloadAssembly
Symbol file LoadedFromMemory doesn't match image D:\Unity Projects\Basic App\New Unity Project\Library\PackageCache\com.unity.visualscripting@1.6.1\Editor\VisualScripting.Core\Dependencies\YamlDotNet\Unity.VisualScripting.YamlDotNet.dll
Symbol file LoadedFromMemory doesn't match image D:\Unity Projects\Basic App\New Unity Project\Library\PackageCache\com.unity.visualscripting@1.6.1\Editor\VisualScripting.Core\Dependencies\DotNetZip\Unity.VisualScripting.IonicZip.dll
Native extension for WindowsStandalone target not found
Refreshing native plugins compatible for Editor in 1.02 ms, found 3 plugins.
Preloading 0 native plugins for Editor in 0.00 ms.
Mono: successfully reloaded assembly
- Completed reload, in  1.559 seconds
Domain Reload Profiling:
	ReloadAssembly (1559ms)
		BeginReloadAssembly (136ms)
			ExecutionOrderSort (0ms)
			DisableScriptedObjects (5ms)
			BackupInstance (0ms)
			ReleaseScriptingObjects (0ms)
			CreateAndSetChildDomain (53ms)
		EndReloadAssembly (1360ms)
			LoadAssemblies (150ms)
			RebuildTransferFunctionScriptingTraits (0ms)
			SetupTypeCache (501ms)
			ReleaseScriptCaches (1ms)
			RebuildScriptCaches (49ms)
			SetupLoadedEditorAssemblies (468ms)
				LogAssemblyErrors (0ms)
				InitializePlatformSupportModulesInManaged (5ms)
				SetLoadedEditorAssemblies (1ms)
				RefreshPlugins (1ms)
				BeforeProcessingInitializeOnLoad (70ms)
				ProcessInitializeOnLoadAttributes (383ms)
				ProcessInitializeOnLoadMethodAttributes (5ms)
				AfterProcessingInitializeOnLoad (3ms)
				EditorAssembliesLoaded (0ms)
			ExecutionOrderSort2 (0ms)
			AwakeInstancesAfterBackupRestoration (7ms)
Platform modules already initialized, skipping
Switching build target platform(19) subTarget(0) extendedPlatform(0) -> platform(13) subTarget(589824) extendedPlatform(0)
Refreshing native plugins compatible for Editor in 0.97 ms, found 3 plugins.
Preloading 0 native plugins for Editor in 0.00 ms.
Unloading 3839 Unused Serialized files (Serialized files now loaded: 0)
System memory in use before: 164.8 MB.
System memory in use after: 165.0 MB.

Unloading 25 unused Assets to reduce memory usage. Loaded Objects now: 4354.
Total: 3.964700 ms (FindLiveObjects: 0.502600 ms CreateObjectMapping: 0.237600 ms MarkObjects: 3.138400 ms  DeleteObjects: 0.084400 ms)

AssetImportParameters requested are different than current active one (requested -> active):
  custom:framework-win-MediaFoundation: 216162199b28c13a410421893ffa2e32 -> 
  custom:video-decoder-ogg-theora: a1e56fd34408186e4bbccfd4996cb3dc -> 
  custom:container-muxer-webm: aa71ff27fc2769a1b78a27578f13a17b -> 
  custom:container-demuxer-webm: 4f35f7cbe854078d1ac9338744f61a02 -> 
  custom:container-demuxer-ogg: 62fdf1f143b41e24485cea50d1cbac27 -> 
  custom:video-encoder-webm-vp8: eb34c28f22e8b96e1ab97ce403110664 -> 
  custom:video-decoder-webm-vp8: 9c59270c3fd7afecdb556c50c9e8de78 -> 
  custom:graphics/normal-map-encoding: 01000000000000000000000000000000 -> 02000000000000000000000000000000
  custom:audio-decoder-ogg-vorbis: bf7c407c2cedff20999df2af8eb42d56 -> 
  custom:audio-encoder-webm-vorbis: bf7c407c2cedff20999df2af8eb42d56 -> 
========================================================================
Received Import Request.
  Time since last request: 239.181804 seconds.
  path: Assets/Prefabs/TesseractObject 1.prefab
  artifactKey: Guid(15121a66f48dc5548a7693c89a07a2a8) Importer(815301076,1909f56bfc062723c751e8b465ee728b)
Start importing Assets/Prefabs/TesseractObject 1.prefab using Guid(15121a66f48dc5548a7693c89a07a2a8) Importer(815301076,1909f56bfc062723c751e8b465ee728b)  -> (artifact id: 'ef84bba5ba370eb79909a92f5af34578') in 0.569324 seconds 
========================================================================
Received Import Request.
  Time since last request: 41.362650 seconds.
  path: Assets/tesseract/source/Take 001.anim
  artifactKey: Guid(ea7dc748a9f58ed46b8b707ac80dde4c) Importer(815301076,1909f56bfc062723c751e8b465ee728b)
Start importing Assets/tesseract/source/Take 001.anim using Guid(ea7dc748a9f58ed46b8b707ac80dde4c) Importer(815301076,1909f56bfc062723c751e8b465ee728b)  -> (artifact id: 'd5630a79d70fe582adabbbbdb1961dcb') in 0.030064 seconds 
========================================================================
Received Import Request.
  Time since last request: 110.701710 seconds.
  path: Assets/Prefabs/TesseractObject 1.prefab
  artifactKey: Guid(15121a66f48dc5548a7693c89a07a2a8) Importer(815301076,1909f56bfc062723c751e8b465ee728b)
Start importing Assets/Prefabs/TesseractObject 1.prefab using Guid(15121a66f48dc5548a7693c89a07a2a8) Importer(815301076,1909f56bfc062723c751e8b465ee728b)  -> (artifact id: '132980a78777320fa3229c0f03948fb5') in 0.103688 seconds 
========================================================================
Received Import Request.
  Time since last request: 11.566741 seconds.
  path: Assets/Prefabs/TesseractObject 1.prefab
  artifactKey: Guid(15121a66f48dc5548a7693c89a07a2a8) Importer(815301076,1909f56bfc062723c751e8b465ee728b)
Start importing Assets/Prefabs/TesseractObject 1.prefab using Guid(15121a66f48dc5548a7693c89a07a2a8) Importer(815301076,1909f56bfc062723c751e8b465ee728b)  -> (artifact id: 'b83b3f87c4ae44c34c9c89b2a7fbb725') in 0.113548 seconds 
========================================================================
Received Import Request.
  Time since last request: 9.175260 seconds.
  path: Assets/Prefabs/TesseractObject 1.prefab
  artifactKey: Guid(15121a66f48dc5548a7693c89a07a2a8) Importer(815301076,1909f56bfc062723c751e8b465ee728b)
Start importing Assets/Prefabs/TesseractObject 1.prefab using Guid(15121a66f48dc5548a7693c89a07a2a8) Importer(815301076,1909f56bfc062723c751e8b465ee728b)  -> (artifact id: '30ce765a93e5c8ef1a79fc5e90d0f61d') in 0.113976 seconds 
========================================================================
Received Prepare
Refreshing native plugins compatible for Editor in 193.13 ms, found 3 plugins.
Preloading 0 native plugins for Editor in 0.00 ms.
Unloading 22 Unused Serialized files (Serialized files now loaded: 0)
System memory in use before: 91.6 MB.
System memory in use after: 91.8 MB.

Unloading 21 unused Assets to reduce memory usage. Loaded Objects now: 4356.
Total: 14.351700 ms (FindLiveObjects: 0.865800 ms CreateObjectMapping: 0.734600 ms MarkObjects: 12.390900 ms  DeleteObjects: 0.355700 ms)

AssetImportParameters requested are different than current active one (requested -> active):
  custom:framework-win-MediaFoundation: 216162199b28c13a410421893ffa2e32 -> 
  custom:video-decoder-ogg-theora: a1e56fd34408186e4bbccfd4996cb3dc -> 
  custom:container-muxer-webm: aa71ff27fc2769a1b78a27578f13a17b -> 
  custom:container-demuxer-webm: 4f35f7cbe854078d1ac9338744f61a02 -> 
  custom:container-demuxer-ogg: 62fdf1f143b41e24485cea50d1cbac27 -> 
  custom:video-encoder-webm-vp8: eb34c28f22e8b96e1ab97ce403110664 -> 
  custom:video-decoder-webm-vp8: 9c59270c3fd7afecdb556c50c9e8de78 -> 
  custom:audio-decoder-ogg-vorbis: bf7c407c2cedff20999df2af8eb42d56 -> 
  custom:audio-encoder-webm-vorbis: bf7c407c2cedff20999df2af8eb42d56 -> 
========================================================================
Received Import Request.
  Time since last request: 657.370673 seconds.
  path: Assets/Scenes/SampleScene.unity
  artifactKey: Guid(9fc0d4010bbf28b4594072e72b8655ab) Importer(815301076,1909f56bfc062723c751e8b465ee728b)
Start importing Assets/Scenes/SampleScene.unity using Guid(9fc0d4010bbf28b4594072e72b8655ab) Importer(815301076,1909f56bfc062723c751e8b465ee728b)  -> (artifact id: '99310b66c9c0b97ab4e5ce340f6aeae4') in 1.173820 seconds 
========================================================================
Received Import Request.
  Time since last request: 23.925107 seconds.
  path: Assets/Scenes/TesseractSpinning.unity
  artifactKey: Guid(9fc0d4010bbf28b4594072e72b8655ab) Importer(815301076,1909f56bfc062723c751e8b465ee728b)
Start importing Assets/Scenes/TesseractSpinning.unity using Guid(9fc0d4010bbf28b4594072e72b8655ab) Importer(815301076,1909f56bfc062723c751e8b465ee728b)  -> (artifact id: '945a53b0958f49a3ac3ff7b5b9490174') in 0.135482 seconds 
========================================================================
Received Import Request.
  Time since last request: 46.180248 seconds.
  path: Assets/Prefabs/TesseractObject 1.prefab
  artifactKey: Guid(15121a66f48dc5548a7693c89a07a2a8) Importer(815301076,1909f56bfc062723c751e8b465ee728b)
Start importing Assets/Prefabs/TesseractObject 1.prefab using Guid(15121a66f48dc5548a7693c89a07a2a8) Importer(815301076,1909f56bfc062723c751e8b465ee728b)  -> (artifact id: '29912b7848c25b89dbc213ff28586916') in 3.422942 seconds 
========================================================================
Received Import Request.
  Time since last request: 149.654595 seconds.
  path: Assets/Prefabs/TesseractObject 1.prefab
  artifactKey: Guid(15121a66f48dc5548a7693c89a07a2a8) Importer(815301076,1909f56bfc062723c751e8b465ee728b)
Start importing Assets/Prefabs/TesseractObject 1.prefab using Guid(15121a66f48dc5548a7693c89a07a2a8) Importer(815301076,1909f56bfc062723c751e8b465ee728b)  -> (artifact id: 'd1d24f6039c9eaf4c8d932672cc10fe7') in 0.391915 seconds 
========================================================================
Received Import Request.
  Time since last request: 316.779214 seconds.
  path: Assets/ColorCorrection.asset
  artifactKey: Guid(71b7289e03987274a8fce82a358af7f1) Importer(815301076,1909f56bfc062723c751e8b465ee728b)
Start importing Assets/ColorCorrection.asset using Guid(71b7289e03987274a8fce82a358af7f1) Importer(815301076,1909f56bfc062723c751e8b465ee728b)  -> (artifact id: 'd28f1c1064a7149f3baf9303e5589d37') in 2.088664 seconds 
========================================================================
Received Import Request.
  Time since last request: 15.474716 seconds.
  path: Assets/ColorCorrection.asset
  artifactKey: Guid(71b7289e03987274a8fce82a358af7f1) Importer(815301076,1909f56bfc062723c751e8b465ee728b)
Start importing Assets/ColorCorrection.asset using Guid(71b7289e03987274a8fce82a358af7f1) Importer(815301076,1909f56bfc062723c751e8b465ee728b)  -> (artifact id: 'f7a63f5f14a8e6ea787cc81e4029a2b9') in 1.732599 seconds 
========================================================================
Received Import Request.
  Time since last request: 10.399112 seconds.
  path: Assets/ColorCorrection.asset
  artifactKey: Guid(71b7289e03987274a8fce82a358af7f1) Importer(815301076,1909f56bfc062723c751e8b465ee728b)
Start importing Assets/ColorCorrection.asset using Guid(71b7289e03987274a8fce82a358af7f1) Importer(815301076,1909f56bfc062723c751e8b465ee728b)  -> (artifact id: '1eeb6c143cfa1be6d827b97856dd2906') in 0.164137 seconds 
========================================================================
Received Import Request.
  Time since last request: 103.303619 seconds.
  path: Assets/TestObject.prefab
  artifactKey: Guid(93bfe8d0a7e0ba447ad0c9486a257f87) Importer(815301076,1909f56bfc062723c751e8b465ee728b)
Start importing Assets/TestObject.prefab using Guid(93bfe8d0a7e0ba447ad0c9486a257f87) Importer(815301076,1909f56bfc062723c751e8b465ee728b)  -> (artifact id: '8626469dca092c6ad2d38988c18a21c1') in 0.352480 seconds 
========================================================================
Received Import Request.
  Time since last request: 123.480330 seconds.
  path: Assets/Scenes/AnimatedCat.unity
  artifactKey: Guid(29ca0c7dfd6fbef438e92a2a2eaefcc3) Importer(815301076,1909f56bfc062723c751e8b465ee728b)
Start importing Assets/Scenes/AnimatedCat.unity using Guid(29ca0c7dfd6fbef438e92a2a2eaefcc3) Importer(815301076,1909f56bfc062723c751e8b465ee728b)  -> (artifact id: '6160374a02a42361412c1378cd911154') in 0.028785 seconds 
========================================================================
Received Import Request.
  Time since last request: 690.972881 seconds.
  path: Assets/Kevin Iglesias/SkeletonOutlaw/Animations/SkeletonOutlaw@Attack00.fbx
  artifactKey: Guid(2a2ff845dd4f08a4b9f16004cdac1005) Importer(815301076,1909f56bfc062723c751e8b465ee728b)
Start importing Assets/Kevin Iglesias/SkeletonOutlaw/Animations/SkeletonOutlaw@Attack00.fbx using Guid(2a2ff845dd4f08a4b9f16004cdac1005) Importer(815301076,1909f56bfc062723c751e8b465ee728b)  -> (artifact id: '230fa4f43eea11c2e3299af3fda7fe15') in 0.433286 seconds 
========================================================================
Received Import Request.
  Time since last request: 0.000408 seconds.
  path: Assets/Kevin Iglesias/SkeletonOutlaw/Animations/SkeletonOutlaw@Damage00.fbx
  artifactKey: Guid(e263228e6d15f8e4c91604a4e0af284d) Importer(815301076,1909f56bfc062723c751e8b465ee728b)
Start importing Assets/Kevin Iglesias/SkeletonOutlaw/Animations/SkeletonOutlaw@Damage00.fbx using Guid(e263228e6d15f8e4c91604a4e0af284d) Importer(815301076,1909f56bfc062723c751e8b465ee728b)  -> (artifact id: 'df3771ff07ddc5f577189593284f1df4') in 0.094398 seconds 
========================================================================
Received Import Request.
  Time since last request: 0.000388 seconds.
  path: Assets/Kevin Iglesias/SkeletonOutlaw/Animations/SkeletonOutlaw@Run00.fbx
  artifactKey: Guid(c451515cb9060534bb1d1c6801a798b9) Importer(815301076,1909f56bfc062723c751e8b465ee728b)
Start importing Assets/Kevin Iglesias/SkeletonOutlaw/Animations/SkeletonOutlaw@Run00.fbx using Guid(c451515cb9060534bb1d1c6801a798b9) Importer(815301076,1909f56bfc062723c751e8b465ee728b)  -> (artifact id: '2e214a8aeb60554804216f27f164c495') in 0.123706 seconds 
========================================================================
Received Import Request.
  Time since last request: 0.000711 seconds.
  path: Assets/Kevin Iglesias/SkeletonOutlaw/Animations/SkeletonOutlaw@Idle00.fbx
  artifactKey: Guid(82e575599256ad74eb867a78e686a10f) Importer(815301076,1909f56bfc062723c751e8b465ee728b)
Start importing Assets/Kevin Iglesias/SkeletonOutlaw/Animations/SkeletonOutlaw@Idle00.fbx using Guid(82e575599256ad74eb867a78e686a10f) Importer(815301076,1909f56bfc062723c751e8b465ee728b)  -> (artifact id: '8c56beb0b29e6866f92d34aeebd93f7b') in 0.079233 seconds 
========================================================================
Received Import Request.
  Time since last request: 0.000263 seconds.
  path: Assets/Kevin Iglesias/SkeletonOutlaw/Animations/SkeletonOutlaw@Attack02.fbx
  artifactKey: Guid(fc79cd7f43dd8cf48938a30b51b7bf89) Importer(815301076,1909f56bfc062723c751e8b465ee728b)
Start importing Assets/Kevin Iglesias/SkeletonOutlaw/Animations/SkeletonOutlaw@Attack02.fbx using Guid(fc79cd7f43dd8cf48938a30b51b7bf89) Importer(815301076,1909f56bfc062723c751e8b465ee728b)  -> (artifact id: 'acd0ae0ca523196253476014815a1961') in 0.057595 seconds 
========================================================================
Received Import Request.
  Time since last request: 0.000252 seconds.
  path: Assets/Kevin Iglesias/SkeletonOutlaw/Animations/SkeletonOutlaw@Jump00 [NoRootMotion].fbx
  artifactKey: Guid(4d1c1663ca126144f9813d9ddd1dd119) Importer(815301076,1909f56bfc062723c751e8b465ee728b)
Start importing Assets/Kevin Iglesias/SkeletonOutlaw/Animations/SkeletonOutlaw@Jump00 [NoRootMotion].fbx using Guid(4d1c1663ca126144f9813d9ddd1dd119) Importer(815301076,1909f56bfc062723c751e8b465ee728b)  -> (artifact id: 'de8052b15e1aac01ddb16f4c09eb5332') in 0.032609 seconds 
========================================================================
Received Import Request.
  Time since last request: 0.000531 seconds.
  path: Assets/Kevin Iglesias/SkeletonOutlaw/Animations/SkeletonOutlaw@Walk00.fbx
  artifactKey: Guid(1111c303e393ade49997c8e70bee7677) Importer(815301076,1909f56bfc062723c751e8b465ee728b)
Start importing Assets/Kevin Iglesias/SkeletonOutlaw/Animations/SkeletonOutlaw@Walk00.fbx using Guid(1111c303e393ade49997c8e70bee7677) Importer(815301076,1909f56bfc062723c751e8b465ee728b)  -> (artifact id: '6f714fe245e3bab0aec20fbad180dbb7') in 0.089815 seconds 
========================================================================
Received Import Request.
  Time since last request: 0.000317 seconds.
  path: Assets/Kevin Iglesias/SkeletonOutlaw/Animations/SkeletonOutlaw@Jump00.fbx
  artifactKey: Guid(4bc25127a9f389d4b8db324cd85a7080) Importer(815301076,1909f56bfc062723c751e8b465ee728b)
Start importing Assets/Kevin Iglesias/SkeletonOutlaw/Animations/SkeletonOutlaw@Jump00.fbx using Guid(4bc25127a9f389d4b8db324cd85a7080) Importer(815301076,1909f56bfc062723c751e8b465ee728b)  -> (artifact id: 'ddc004b663ee8f0ecb10089d7ca45843') in 0.054990 seconds 
========================================================================
Received Import Request.
  Time since last request: 0.000252 seconds.
  path: Assets/Kevin Iglesias/SkeletonOutlaw/Animations/SkeletonOutlaw@Idle02.fbx
  artifactKey: Guid(e20cfa8f1ecdc554087db1e9198090a7) Importer(815301076,1909f56bfc062723c751e8b465ee728b)
Start importing Assets/Kevin Iglesias/SkeletonOutlaw/Animations/SkeletonOutlaw@Idle02.fbx using Guid(e20cfa8f1ecdc554087db1e9198090a7) Importer(815301076,1909f56bfc062723c751e8b465ee728b)  -> (artifact id: '60a5d7573b651ea86b38b0d1999c3853') in 0.060482 seconds 
========================================================================
Received Import Request.
  Time since last request: 0.000278 seconds.
  path: Assets/Kevin Iglesias/SkeletonOutlaw/Animations/SkeletonOutlaw@Dead01.fbx
  artifactKey: Guid(c811128f97ed4f944b1ce24d53ce3dcc) Importer(815301076,1909f56bfc062723c751e8b465ee728b)
Start importing Assets/Kevin Iglesias/SkeletonOutlaw/Animations/SkeletonOutlaw@Dead01.fbx using Guid(c811128f97ed4f944b1ce24d53ce3dcc) Importer(815301076,1909f56bfc062723c751e8b465ee728b)  -> (artifact id: '742e62276095d494ade1f7fb5e566d36') in 0.044755 seconds 
========================================================================
Received Import Request.
  Time since last request: 0.000271 seconds.
  path: Assets/Kevin Iglesias/SkeletonOutlaw/Animations/SkeletonOutlaw@Damage01.fbx
  artifactKey: Guid(c1af99e72b0b5b042bd297ee3ff95372) Importer(815301076,1909f56bfc062723c751e8b465ee728b)
Start importing Assets/Kevin Iglesias/SkeletonOutlaw/Animations/SkeletonOutlaw@Damage01.fbx using Guid(c1af99e72b0b5b042bd297ee3ff95372) Importer(815301076,1909f56bfc062723c751e8b465ee728b)  -> (artifact id: '0273f5fb86f89183447e2683141785a3') in 0.089369 seconds 
========================================================================
Received Import Request.
  Time since last request: 0.000259 seconds.
  path: Assets/Kevin Iglesias/SkeletonOutlaw/Animations/SkeletonOutlaw@Dead00.fbx
  artifactKey: Guid(4dc448ac47a91c6428de3a7af494b625) Importer(815301076,1909f56bfc062723c751e8b465ee728b)
Start importing Assets/Kevin Iglesias/SkeletonOutlaw/Animations/SkeletonOutlaw@Dead00.fbx using Guid(4dc448ac47a91c6428de3a7af494b625) Importer(815301076,1909f56bfc062723c751e8b465ee728b)  -> (artifact id: 'c8bffbac135477d99a75dffdc9b0c90d') in 0.031142 seconds 
========================================================================
Received Import Request.
  Time since last request: 0.000417 seconds.
  path: Assets/Kevin Iglesias/SkeletonOutlaw/Animations/SkeletonOutlaw@Idle01.fbx
  artifactKey: Guid(6f532e8c9aa994741b00c8f23c9ee923) Importer(815301076,1909f56bfc062723c751e8b465ee728b)
Start importing Assets/Kevin Iglesias/SkeletonOutlaw/Animations/SkeletonOutlaw@Idle01.fbx using Guid(6f532e8c9aa994741b00c8f23c9ee923) Importer(815301076,1909f56bfc062723c751e8b465ee728b)  -> (artifact id: '2019a1c597f8c5fc1115f86176d2d716') in 0.055570 seconds 
========================================================================
Received Import Request.
  Time since last request: 0.000279 seconds.
  path: Assets/Kevin Iglesias/SkeletonOutlaw/Materials/SkeletonOutlawSkybox.mat
  artifactKey: Guid(8c1fd12dda6e62a44826afa6d8c44698) Importer(815301076,1909f56bfc062723c751e8b465ee728b)
Start importing Assets/Kevin Iglesias/SkeletonOutlaw/Materials/SkeletonOutlawSkybox.mat using Guid(8c1fd12dda6e62a44826afa6d8c44698) Importer(815301076,1909f56bfc062723c751e8b465ee728b)  -> (artifact id: '78ae6cd4ac3795beed3a3a1ebf9e2975') in 4.677243 seconds 
========================================================================
Received Import Request.
  Time since last request: 0.000696 seconds.
  path: Assets/Kevin Iglesias/SkeletonOutlaw/Materials/SkeletonOutlawSceneFloor.mat
  artifactKey: Guid(eca5d215c8ab41e4f950f910b8eefb44) Importer(815301076,1909f56bfc062723c751e8b465ee728b)
Start importing Assets/Kevin Iglesias/SkeletonOutlaw/Materials/SkeletonOutlawSceneFloor.mat using Guid(eca5d215c8ab41e4f950f910b8eefb44) Importer(815301076,1909f56bfc062723c751e8b465ee728b)  -> (artifact id: '592e62256c83d181af5cd84cd9f3a01a') in 0.242514 seconds 
========================================================================
Received Import Request.
  Time since last request: 0.000800 seconds.
  path: Assets/Kevin Iglesias/SkeletonOutlaw/Materials/SkeletonOutlawAxe00.mat
  artifactKey: Guid(e930b395dbca2bb4cb8e0c28b78a0b3e) Importer(815301076,1909f56bfc062723c751e8b465ee728b)
Start importing Assets/Kevin Iglesias/SkeletonOutlaw/Materials/SkeletonOutlawAxe00.mat using Guid(e930b395dbca2bb4cb8e0c28b78a0b3e) Importer(815301076,1909f56bfc062723c751e8b465ee728b)  -> (artifact id: 'd3f159bbe50241bdefe089339dca4af6') in 0.082877 seconds 
========================================================================
Received Import Request.
  Time since last request: 0.000262 seconds.
  path: Assets/Kevin Iglesias/SkeletonOutlaw/Materials/SkeletonOutlaw00.mat
  artifactKey: Guid(85c9036657772d04fbe356f55127a3d8) Importer(815301076,1909f56bfc062723c751e8b465ee728b)
Start importing Assets/Kevin Iglesias/SkeletonOutlaw/Materials/SkeletonOutlaw00.mat using Guid(85c9036657772d04fbe356f55127a3d8) Importer(815301076,1909f56bfc062723c751e8b465ee728b)  -> (artifact id: 'af13d7384e9b78c2930ff08287c3a65c') in 0.244849 seconds 
========================================================================
Received Import Request.
  Time since last request: 0.000725 seconds.
  path: Assets/Kevin Iglesias/SkeletonOutlaw/Animations/SkeletonOutlaw@Attack01.fbx
  artifactKey: Guid(c588282f31b310f45b1c08e2159fe749) Importer(815301076,1909f56bfc062723c751e8b465ee728b)
Start importing Assets/Kevin Iglesias/SkeletonOutlaw/Animations/SkeletonOutlaw@Attack01.fbx using Guid(c588282f31b310f45b1c08e2159fe749) Importer(815301076,1909f56bfc062723c751e8b465ee728b)  -> (artifact id: '27720200c376d2e7a65ee166d4f28382') in 0.057166 seconds 
========================================================================
Received Import Request.
  Time since last request: 4.676271 seconds.
  path: Assets/Kevin Iglesias/SkeletonOutlaw/Prefabs/SkeletonOutlaw_Armor - LOD0.prefab
  artifactKey: Guid(cbba07a6ac8fd9648a0ee26df90297e9) Importer(815301076,1909f56bfc062723c751e8b465ee728b)
Start importing Assets/Kevin Iglesias/SkeletonOutlaw/Prefabs/SkeletonOutlaw_Armor - LOD0.prefab using Guid(cbba07a6ac8fd9648a0ee26df90297e9) Importer(815301076,1909f56bfc062723c751e8b465ee728b)  -> (artifact id: 'fbcfde933a40c06b0aecd1de10b11e3c') in 1.124007 seconds 
========================================================================
Received Import Request.
  Time since last request: 0.000354 seconds.
  path: Assets/Kevin Iglesias/SkeletonOutlaw/Source/SkeletonOutlaw - LOD0.fbx
  artifactKey: Guid(28b668865ad9a884395ab10f675feb53) Importer(815301076,1909f56bfc062723c751e8b465ee728b)
Start importing Assets/Kevin Iglesias/SkeletonOutlaw/Source/SkeletonOutlaw - LOD0.fbx using Guid(28b668865ad9a884395ab10f675feb53) Importer(815301076,1909f56bfc062723c751e8b465ee728b)  -> (artifact id: '6aa374558e89c481953d8668258c2e8d') in 2.488746 seconds 
========================================================================
Received Import Request.
  Time since last request: 0.000368 seconds.
  path: Assets/Kevin Iglesias/SkeletonOutlaw/Textures/SkeletonOutlaw00.png
  artifactKey: Guid(27ceb3322efe0494583b27312badd673) Importer(815301076,1909f56bfc062723c751e8b465ee728b)
Start importing Assets/Kevin Iglesias/SkeletonOutlaw/Textures/SkeletonOutlaw00.png using Guid(27ceb3322efe0494583b27312badd673) Importer(815301076,1909f56bfc062723c751e8b465ee728b)  -> (artifact id: '3e25a5f5e635a2e7402151ed1c66e1fb') in 0.870762 seconds 
========================================================================
Received Import Request.
  Time since last request: 0.000922 seconds.
  path: Assets/Kevin Iglesias/SkeletonOutlaw/Prefabs/SkeletonOutlaw_NoArmor - LOD1.prefab
  artifactKey: Guid(186d1f74b625fa744abf8a07b350ce1d) Importer(815301076,1909f56bfc062723c751e8b465ee728b)
Start importing Assets/Kevin Iglesias/SkeletonOutlaw/Prefabs/SkeletonOutlaw_NoArmor - LOD1.prefab using Guid(186d1f74b625fa744abf8a07b350ce1d) Importer(815301076,1909f56bfc062723c751e8b465ee728b)  -> (artifact id: '200c7678b8613478cd4abc1dc9d8f6fb') in 0.355207 seconds 
========================================================================
Received Import Request.
  Time since last request: 0.000898 seconds.
  path: Assets/Kevin Iglesias/SkeletonOutlaw/Prefabs/SkeletonOutlaw_Armor - LOD1.prefab
  artifactKey: Guid(870982cf02cc258429948de0da1e4ad8) Importer(815301076,1909f56bfc062723c751e8b465ee728b)
Start importing Assets/Kevin Iglesias/SkeletonOutlaw/Prefabs/SkeletonOutlaw_Armor - LOD1.prefab using Guid(870982cf02cc258429948de0da1e4ad8) Importer(815301076,1909f56bfc062723c751e8b465ee728b)  -> (artifact id: 'dd1c0dd2a0fb8f07c457e712565615eb') in 0.296056 seconds 
========================================================================
Received Import Request.
  Time since last request: 0.000263 seconds.
  path: Assets/Kevin Iglesias/SkeletonOutlaw/Source/SkeletonOutlaw - LOD1.fbx
  artifactKey: Guid(a3f2bf24dc927464a8b47e5e9102c809) Importer(815301076,1909f56bfc062723c751e8b465ee728b)
Start importing Assets/Kevin Iglesias/SkeletonOutlaw/Source/SkeletonOutlaw - LOD1.fbx using Guid(a3f2bf24dc927464a8b47e5e9102c809) Importer(815301076,1909f56bfc062723c751e8b465ee728b)  -> (artifact id: 'a52fd4abc4179d262343f1778e2f9ec6') in 0.323403 seconds 
========================================================================
Received Import Request.
  Time since last request: 0.000287 seconds.
  path: Assets/Kevin Iglesias/SkeletonOutlaw/Prefabs/SkeletonOutlaw_NoArmor - LOD0.prefab
  artifactKey: Guid(46ed63af97cc2db47b121fc1b2cc6bf0) Importer(815301076,1909f56bfc062723c751e8b465ee728b)
Start importing Assets/Kevin Iglesias/SkeletonOutlaw/Prefabs/SkeletonOutlaw_NoArmor - LOD0.prefab using Guid(46ed63af97cc2db47b121fc1b2cc6bf0) Importer(815301076,1909f56bfc062723c751e8b465ee728b)  -> (artifact id: '42a81c4e4f194a1736641f7f92fcf614') in 0.253823 seconds 
========================================================================
Received Import Request.
  Time since last request: 0.000246 seconds.
  path: Assets/Kevin Iglesias/SkeletonOutlaw/Textures/Axe00.png
  artifactKey: Guid(4066f8d9dc258f444808d847ff7aef4f) Importer(815301076,1909f56bfc062723c751e8b465ee728b)
Start importing Assets/Kevin Iglesias/SkeletonOutlaw/Textures/Axe00.png using Guid(4066f8d9dc258f444808d847ff7aef4f) Importer(815301076,1909f56bfc062723c751e8b465ee728b)  -> (artifact id: '903588d16ee6cee084e6fa1b6fcb7698') in 0.028426 seconds 
========================================================================
Received Import Request.
  Time since last request: 75.338901 seconds.
  path: Assets/Kevin Iglesias/SkeletonOutlaw/Source/Axes__Untitled_001.mat
  artifactKey: Guid(60288db72c40df14a8ab4daf8b47756b) Importer(815301076,1909f56bfc062723c751e8b465ee728b)
Start importing Assets/Kevin Iglesias/SkeletonOutlaw/Source/Axes__Untitled_001.mat using Guid(60288db72c40df14a8ab4daf8b47756b) Importer(815301076,1909f56bfc062723c751e8b465ee728b)  -> (artifact id: '3ac309d0005ece19501e133e593adb7b') in 0.060337 seconds 
========================================================================
Received Import Request.
  Time since last request: 0.000332 seconds.
  path: Assets/Kevin Iglesias/SkeletonOutlaw/Source/SkeletonOutlaw - LOD0.fbx
  artifactKey: Guid(28b668865ad9a884395ab10f675feb53) Importer(815301076,1909f56bfc062723c751e8b465ee728b)
Start importing Assets/Kevin Iglesias/SkeletonOutlaw/Source/SkeletonOutlaw - LOD0.fbx using Guid(28b668865ad9a884395ab10f675feb53) Importer(815301076,1909f56bfc062723c751e8b465ee728b)  -> (artifact id: '0768f55a56eaddb72c337c9bc1f286fe') in 0.398725 seconds 
========================================================================
Received Import Request.
  Time since last request: 0.000409 seconds.
  path: Assets/Kevin Iglesias/SkeletonOutlaw/Source/Skeleton__Atlas_png.mat
  artifactKey: Guid(bc368823a4be347468746ad809ba404e) Importer(815301076,1909f56bfc062723c751e8b465ee728b)
Start importing Assets/Kevin Iglesias/SkeletonOutlaw/Source/Skeleton__Atlas_png.mat using Guid(bc368823a4be347468746ad809ba404e) Importer(815301076,1909f56bfc062723c751e8b465ee728b)  -> (artifact id: 'de6a9fb033e61296d0d2217107b7976c') in 0.092304 seconds 
========================================================================
Received Import Request.
  Time since last request: 97.926359 seconds.
  path: Assets/Kevin Iglesias/SkeletonOutlaw/Source/SkeletonOutlaw00 1.mat
  artifactKey: Guid(18c003c6eca3a1644973dfdc7f38ffdc) Importer(815301076,1909f56bfc062723c751e8b465ee728b)
Start importing Assets/Kevin Iglesias/SkeletonOutlaw/Source/SkeletonOutlaw00 1.mat using Guid(18c003c6eca3a1644973dfdc7f38ffdc) Importer(815301076,1909f56bfc062723c751e8b465ee728b)  -> (artifact id: '793aad19ffdf0524c4a6ef9350b0074e') in 0.128707 seconds 
========================================================================
Received Import Request.
  Time since last request: 177.510815 seconds.
  path: Assets/Kevin Iglesias/SkeletonOutlaw/Source/SkeletonOutlaw - LOD0Avatar.asset
  artifactKey: Guid(80b99a08bf759ce4782880b126991df2) Importer(815301076,1909f56bfc062723c751e8b465ee728b)
Start importing Assets/Kevin Iglesias/SkeletonOutlaw/Source/SkeletonOutlaw - LOD0Avatar.asset using Guid(80b99a08bf759ce4782880b126991df2) Importer(815301076,1909f56bfc062723c751e8b465ee728b)  -> (artifact id: 'e0be93044cf22f4d59b9efb649838aa6') in 0.016430 seconds 
========================================================================
Received Import Request.
  Time since last request: 118.293847 seconds.
  path: Assets/Kevin Iglesias/SkeletonOutlaw/Animations/SkeletonOutlaw@Attack00.anim
  artifactKey: Guid(1142c87eeff53134eab5ddce779ba253) Importer(815301076,1909f56bfc062723c751e8b465ee728b)
Start importing Assets/Kevin Iglesias/SkeletonOutlaw/Animations/SkeletonOutlaw@Attack00.anim using Guid(1142c87eeff53134eab5ddce779ba253) Importer(815301076,1909f56bfc062723c751e8b465ee728b)  -> (artifact id: '64188f7401c211f1bc5f6c2253984722') in 0.038873 seconds 
========================================================================
Received Import Request.
  Time since last request: 6.882276 seconds.
  path: Assets/Kevin Iglesias/SkeletonOutlaw/Animations/SkeletonOutlaw@Attack01.anim
  artifactKey: Guid(20f063ef7f279bd4298aee9e8532d4ad) Importer(815301076,1909f56bfc062723c751e8b465ee728b)
Start importing Assets/Kevin Iglesias/SkeletonOutlaw/Animations/SkeletonOutlaw@Attack01.anim using Guid(20f063ef7f279bd4298aee9e8532d4ad) Importer(815301076,1909f56bfc062723c751e8b465ee728b)  -> (artifact id: '511ed3839b87c2f9e6272c0b5f0e2a2a') in 0.025594 seconds 
========================================================================
Received Import Request.
  Time since last request: 36.209133 seconds.
  path: Assets/Kevin Iglesias/SkeletonOutlaw/Animations
  artifactKey: Guid(fad8744b1b6c1ba46a622cc65c587793) Importer(815301076,1909f56bfc062723c751e8b465ee728b)
Start importing Assets/Kevin Iglesias/SkeletonOutlaw/Animations using Guid(fad8744b1b6c1ba46a622cc65c587793) Importer(815301076,1909f56bfc062723c751e8b465ee728b)  -> (artifact id: '08be4c73889fc08b59cb16a2d8985242') in 0.027543 seconds 
========================================================================
Received Import Request.
  Time since last request: 9.347973 seconds.
  path: Assets/Kevin Iglesias/SkeletonOutlaw/SkeletonOutlawDemo.controller
  artifactKey: Guid(0ca7eafc6f555b741862212a56fd50e9) Importer(815301076,1909f56bfc062723c751e8b465ee728b)
Start importing Assets/Kevin Iglesias/SkeletonOutlaw/SkeletonOutlawDemo.controller using Guid(0ca7eafc6f555b741862212a56fd50e9) Importer(815301076,1909f56bfc062723c751e8b465ee728b)  -> (artifact id: '802a39c2b718f1516d57f0bd812e4f53') in 0.032742 seconds 
========================================================================
Received Import Request.
  Time since last request: 129.209238 seconds.
  path: Assets/Kevin Iglesias/SkeletonOutlaw
  artifactKey: Guid(20188d1d42d39f94a97068d561b8d706) Importer(815301076,1909f56bfc062723c751e8b465ee728b)
Start importing Assets/Kevin Iglesias/SkeletonOutlaw using Guid(20188d1d42d39f94a97068d561b8d706) Importer(815301076,1909f56bfc062723c751e8b465ee728b)  -> (artifact id: 'a16872d1057e9e53143f236f25f11672') in 0.043283 seconds 
========================================================================
Received Prepare
Registering precompiled user dll's ...
Registered in 0.048090 seconds.
Begin MonoManager ReloadAssembly
Symbol file LoadedFromMemory doesn't match image D:\Unity Projects\Basic App\New Unity Project\Library\PackageCache\com.unity.visualscripting@1.6.1\Editor\VisualScripting.Core\Dependencies\YamlDotNet\Unity.VisualScripting.YamlDotNet.dll
Symbol file LoadedFromMemory doesn't match image D:\Unity Projects\Basic App\New Unity Project\Library\PackageCache\com.unity.visualscripting@1.6.1\Editor\VisualScripting.Core\Dependencies\DotNetZip\Unity.VisualScripting.IonicZip.dll
Native extension for WindowsStandalone target not found
Refreshing native plugins compatible for Editor in 1.30 ms, found 3 plugins.
Preloading 0 native plugins for Editor in 0.00 ms.
Mono: successfully reloaded assembly
- Completed reload, in  6.664 seconds
Domain Reload Profiling:
	ReloadAssembly (6683ms)
		BeginReloadAssembly (3569ms)
			ExecutionOrderSort (5ms)
			DisableScriptedObjects (339ms)
			BackupInstance (0ms)
			ReleaseScriptingObjects (0ms)
			CreateAndSetChildDomain (2468ms)
		EndReloadAssembly (2971ms)
			LoadAssemblies (332ms)
			RebuildTransferFunctionScriptingTraits (15ms)
			SetupTypeCache (1117ms)
			ReleaseScriptCaches (4ms)
			RebuildScriptCaches (97ms)
			SetupLoadedEditorAssemblies (861ms)
				LogAssemblyErrors (0ms)
				InitializePlatformSupportModulesInManaged (11ms)
				SetLoadedEditorAssemblies (1ms)
				RefreshPlugins (1ms)
				BeforeProcessingInitializeOnLoad (111ms)
				ProcessInitializeOnLoadAttributes (728ms)
				ProcessInitializeOnLoadMethodAttributes (7ms)
				AfterProcessingInitializeOnLoad (2ms)
				EditorAssembliesLoaded (0ms)
			ExecutionOrderSort2 (0ms)
			AwakeInstancesAfterBackupRestoration (14ms)
Platform modules already initialized, skipping
Switching build target platform(19) subTarget(0) extendedPlatform(0) -> platform(13) subTarget(589824) extendedPlatform(0)
Refreshing native plugins compatible for Editor in 1.71 ms, found 3 plugins.
Preloading 0 native plugins for Editor in 0.00 ms.
Unloading 3840 Unused Serialized files (Serialized files now loaded: 0)
System memory in use before: 183.7 MB.
System memory in use after: 183.9 MB.

Unloading 26 unused Assets to reduce memory usage. Loaded Objects now: 4424.
Total: 14.644300 ms (FindLiveObjects: 0.859700 ms CreateObjectMapping: 0.697000 ms MarkObjects: 12.852700 ms  DeleteObjects: 0.230700 ms)

AssetImportParameters requested are different than current active one (requested -> active):
  custom:framework-win-MediaFoundation: 216162199b28c13a410421893ffa2e32 -> 
  custom:video-decoder-ogg-theora: a1e56fd34408186e4bbccfd4996cb3dc -> 
  custom:container-muxer-webm: aa71ff27fc2769a1b78a27578f13a17b -> 
  custom:container-demuxer-webm: 4f35f7cbe854078d1ac9338744f61a02 -> 
  custom:container-demuxer-ogg: 62fdf1f143b41e24485cea50d1cbac27 -> 
  custom:video-encoder-webm-vp8: eb34c28f22e8b96e1ab97ce403110664 -> 
  custom:video-decoder-webm-vp8: 9c59270c3fd7afecdb556c50c9e8de78 -> 
  custom:graphics/normal-map-encoding: 01000000000000000000000000000000 -> 02000000000000000000000000000000
  custom:audio-decoder-ogg-vorbis: bf7c407c2cedff20999df2af8eb42d56 -> 
  custom:audio-encoder-webm-vorbis: bf7c407c2cedff20999df2af8eb42d56 -> 
========================================================================
Received Import Request.
  Time since last request: 72.386510 seconds.
  path: Assets/Kevin Iglesias/SkeletonOutlaw/Animations/SkeletonOutlaw@Idle01.anim
  artifactKey: Guid(e3296fb6ed0ea7b44ade2c829fb64667) Importer(815301076,1909f56bfc062723c751e8b465ee728b)
Start importing Assets/Kevin Iglesias/SkeletonOutlaw/Animations/SkeletonOutlaw@Idle01.anim using Guid(e3296fb6ed0ea7b44ade2c829fb64667) Importer(815301076,1909f56bfc062723c751e8b465ee728b)  -> (artifact id: '0d3f4e1fa075bc9df322a4288a7b547f') in 0.088874 seconds 
========================================================================
Received Import Request.
  Time since last request: 85.979481 seconds.
  path: Assets/Kevin Iglesias/SkeletonOutlaw/Animations/DemoAnimation.controller
  artifactKey: Guid(9141cc54c344c7c4eb26bb88c38f2009) Importer(815301076,1909f56bfc062723c751e8b465ee728b)
Start importing Assets/Kevin Iglesias/SkeletonOutlaw/Animations/DemoAnimation.controller using Guid(9141cc54c344c7c4eb26bb88c38f2009) Importer(815301076,1909f56bfc062723c751e8b465ee728b)  -> (artifact id: '2700d2708bec362609181217c4c95095') in 0.025101 seconds 
========================================================================
Received Import Request.
  Time since last request: 33.617656 seconds.
  path: Assets/Kevin Iglesias/SkeletonOutlaw/Animations/SkeletonOutlaw@Idle00.anim
  artifactKey: Guid(a9c193e7de6417b49b216a6945691030) Importer(815301076,1909f56bfc062723c751e8b465ee728b)
Start importing Assets/Kevin Iglesias/SkeletonOutlaw/Animations/SkeletonOutlaw@Idle00.anim using Guid(a9c193e7de6417b49b216a6945691030) Importer(815301076,1909f56bfc062723c751e8b465ee728b)  -> (artifact id: '71fef22b57c78c466ef64db415c15d26') in 0.049394 seconds 
========================================================================
Received Prepare
Registering precompiled user dll's ...
Registered in 0.007663 seconds.
Begin MonoManager ReloadAssembly
Symbol file LoadedFromMemory doesn't match image D:\Unity Projects\Basic App\New Unity Project\Library\PackageCache\com.unity.visualscripting@1.6.1\Editor\VisualScripting.Core\Dependencies\YamlDotNet\Unity.VisualScripting.YamlDotNet.dll
Symbol file LoadedFromMemory doesn't match image D:\Unity Projects\Basic App\New Unity Project\Library\PackageCache\com.unity.visualscripting@1.6.1\Editor\VisualScripting.Core\Dependencies\DotNetZip\Unity.VisualScripting.IonicZip.dll
Native extension for WindowsStandalone target not found
Refreshing native plugins compatible for Editor in 1.01 ms, found 3 plugins.
Preloading 0 native plugins for Editor in 0.00 ms.
Mono: successfully reloaded assembly
- Completed reload, in  1.821 seconds
Domain Reload Profiling:
	ReloadAssembly (1821ms)
		BeginReloadAssembly (289ms)
			ExecutionOrderSort (0ms)
			DisableScriptedObjects (8ms)
			BackupInstance (0ms)
			ReleaseScriptingObjects (0ms)
			CreateAndSetChildDomain (170ms)
		EndReloadAssembly (1430ms)
			LoadAssemblies (145ms)
			RebuildTransferFunctionScriptingTraits (0ms)
			SetupTypeCache (529ms)
			ReleaseScriptCaches (1ms)
			RebuildScriptCaches (52ms)
			SetupLoadedEditorAssemblies (584ms)
				LogAssemblyErrors (0ms)
				InitializePlatformSupportModulesInManaged (6ms)
				SetLoadedEditorAssemblies (1ms)
				RefreshPlugins (1ms)
				BeforeProcessingInitializeOnLoad (93ms)
				ProcessInitializeOnLoadAttributes (475ms)
				ProcessInitializeOnLoadMethodAttributes (6ms)
				AfterProcessingInitializeOnLoad (2ms)
				EditorAssembliesLoaded (0ms)
			ExecutionOrderSort2 (0ms)
			AwakeInstancesAfterBackupRestoration (13ms)
Platform modules already initialized, skipping
Switching build target platform(19) subTarget(0) extendedPlatform(0) -> platform(13) subTarget(589824) extendedPlatform(0)
Refreshing native plugins compatible for Editor in 0.90 ms, found 3 plugins.
Preloading 0 native plugins for Editor in 0.00 ms.
Unloading 3839 Unused Serialized files (Serialized files now loaded: 0)
System memory in use before: 183.8 MB.
System memory in use after: 184.0 MB.

Unloading 25 unused Assets to reduce memory usage. Loaded Objects now: 4428.
Total: 4.078000 ms (FindLiveObjects: 0.401700 ms CreateObjectMapping: 0.205900 ms MarkObjects: 3.351000 ms  DeleteObjects: 0.117800 ms)

AssetImportParameters requested are different than current active one (requested -> active):
  custom:framework-win-MediaFoundation: 216162199b28c13a410421893ffa2e32 -> 
  custom:video-decoder-ogg-theora: a1e56fd34408186e4bbccfd4996cb3dc -> 
  custom:container-muxer-webm: aa71ff27fc2769a1b78a27578f13a17b -> 
  custom:container-demuxer-webm: 4f35f7cbe854078d1ac9338744f61a02 -> 
  custom:container-demuxer-ogg: 62fdf1f143b41e24485cea50d1cbac27 -> 
  custom:video-encoder-webm-vp8: eb34c28f22e8b96e1ab97ce403110664 -> 
  custom:video-decoder-webm-vp8: 9c59270c3fd7afecdb556c50c9e8de78 -> 
  custom:graphics/normal-map-encoding: 01000000000000000000000000000000 -> 02000000000000000000000000000000
  custom:audio-decoder-ogg-vorbis: bf7c407c2cedff20999df2af8eb42d56 -> 
  custom:audio-encoder-webm-vorbis: bf7c407c2cedff20999df2af8eb42d56 -> 
========================================================================
Received Import Request.
  Time since last request: 339.330486 seconds.
  path: Assets/Kevin Iglesias/SkeletonOutlaw/Prefabs/SkeletonOutlaw - LOD0.prefab
  artifactKey: Guid(7d9e2c0ebec1c864bb5afdb086728554) Importer(815301076,1909f56bfc062723c751e8b465ee728b)
Start importing Assets/Kevin Iglesias/SkeletonOutlaw/Prefabs/SkeletonOutlaw - LOD0.prefab using Guid(7d9e2c0ebec1c864bb5afdb086728554) Importer(815301076,1909f56bfc062723c751e8b465ee728b) The Animator Controller (DemoAnimation) you have used is not valid. Animations will not play
UnityEngine.StackTraceUtility:ExtractStackTrace ()
UnityEditor.EditorUtility:Internal_InstantiateRemoveAllNonAnimationComponentsSingle (UnityEngine.Object,UnityEngine.Vector3,UnityEngine.Quaternion)
UnityEditor.EditorUtility:InstantiateRemoveAllNonAnimationComponents (UnityEngine.Object,UnityEngine.Vector3,UnityEngine.Quaternion)
UnityEditor.EditorUtility:InstantiateForAnimatorPreview (UnityEngine.Object)
UnityEditor.GameObjectInspector/PreviewData:UpdateGameObject (UnityEngine.Object)
UnityEditor.GameObjectInspector/PreviewData:.ctor (UnityEngine.Object)
UnityEditor.GameObjectInspector:GetPreviewData ()
UnityEditor.GameObjectInspector:RenderStaticPreview (string,UnityEngine.Object[],int,int)
UnityEditor.AssetPreviewUpdater:CreatePreview (UnityEngine.Object,UnityEngine.Object[],string,int,int)
UnityEditor.AssetPreviewUpdater:CreatePreviewForAsset (UnityEngine.Object,UnityEngine.Object[],string)

[C:\buildslave\unity\build\Modules/Animation/Director/AnimatorControllerPlayable.cpp line 333]

The Animator Controller (DemoAnimation) you have used is not valid. Animations will not play
UnityEngine.StackTraceUtility:ExtractStackTrace ()
UnityEditor.EditorUtility:InitInstantiatedPreviewRecursive (UnityEngine.GameObject)
UnityEditor.EditorUtility:InstantiateForAnimatorPreview (UnityEngine.Object)
UnityEditor.GameObjectInspector/PreviewData:UpdateGameObject (UnityEngine.Object)
UnityEditor.GameObjectInspector/PreviewData:.ctor (UnityEngine.Object)
UnityEditor.GameObjectInspector:GetPreviewData ()
UnityEditor.GameObjectInspector:RenderStaticPreview (string,UnityEngine.Object[],int,int)
UnityEditor.AssetPreviewUpdater:CreatePreview (UnityEngine.Object,UnityEngine.Object[],string,int,int)
UnityEditor.AssetPreviewUpdater:CreatePreviewForAsset (UnityEngine.Object,UnityEngine.Object[],string)

[C:\buildslave\unity\build\Modules/Animation/Director/AnimatorControllerPlayable.cpp line 333]

 -> (artifact id: '6596c107cf5e1a8f3a8d262bccb63324') in 0.577843 seconds 
========================================================================
Received Import Request.
  Time since last request: 20.127869 seconds.
  path: Assets/Prefabs/SkeletonOutlaw - LOD0.prefab
  artifactKey: Guid(131c094a9ad7c924c8a4c2318c3ccad5) Importer(815301076,1909f56bfc062723c751e8b465ee728b)
Start importing Assets/Prefabs/SkeletonOutlaw - LOD0.prefab using Guid(131c094a9ad7c924c8a4c2318c3ccad5) Importer(815301076,1909f56bfc062723c751e8b465ee728b) The Animator Controller (DemoAnimation) you have used is not valid. Animations will not play
UnityEngine.StackTraceUtility:ExtractStackTrace ()
UnityEditor.EditorUtility:Internal_InstantiateRemoveAllNonAnimationComponentsSingle (UnityEngine.Object,UnityEngine.Vector3,UnityEngine.Quaternion)
UnityEditor.EditorUtility:InstantiateRemoveAllNonAnimationComponents (UnityEngine.Object,UnityEngine.Vector3,UnityEngine.Quaternion)
UnityEditor.EditorUtility:InstantiateForAnimatorPreview (UnityEngine.Object)
UnityEditor.GameObjectInspector/PreviewData:UpdateGameObject (UnityEngine.Object)
UnityEditor.GameObjectInspector/PreviewData:.ctor (UnityEngine.Object)
UnityEditor.GameObjectInspector:GetPreviewData ()
UnityEditor.GameObjectInspector:RenderStaticPreview (string,UnityEngine.Object[],int,int)
UnityEditor.AssetPreviewUpdater:CreatePreview (UnityEngine.Object,UnityEngine.Object[],string,int,int)
UnityEditor.AssetPreviewUpdater:CreatePreviewForAsset (UnityEngine.Object,UnityEngine.Object[],string)

[C:\buildslave\unity\build\Modules/Animation/Director/AnimatorControllerPlayable.cpp line 333]

The Animator Controller (DemoAnimation) you have used is not valid. Animations will not play
UnityEngine.StackTraceUtility:ExtractStackTrace ()
UnityEditor.EditorUtility:InitInstantiatedPreviewRecursive (UnityEngine.GameObject)
UnityEditor.EditorUtility:InstantiateForAnimatorPreview (UnityEngine.Object)
UnityEditor.GameObjectInspector/PreviewData:UpdateGameObject (UnityEngine.Object)
UnityEditor.GameObjectInspector/PreviewData:.ctor (UnityEngine.Object)
UnityEditor.GameObjectInspector:GetPreviewData ()
UnityEditor.GameObjectInspector:RenderStaticPreview (string,UnityEngine.Object[],int,int)
UnityEditor.AssetPreviewUpdater:CreatePreview (UnityEngine.Object,UnityEngine.Object[],string,int,int)
UnityEditor.AssetPreviewUpdater:CreatePreviewForAsset (UnityEngine.Object,UnityEngine.Object[],string)

[C:\buildslave\unity\build\Modules/Animation/Director/AnimatorControllerPlayable.cpp line 333]

 -> (artifact id: '2a4c93891c26a3c4cc948fb7319f51a0') in 0.068909 seconds 
========================================================================
Received Import Request.
  Time since last request: 40.340333 seconds.
  path: Assets/Scenes/SkeletonWarrior.unity
  artifactKey: Guid(29ca0c7dfd6fbef438e92a2a2eaefcc3) Importer(815301076,1909f56bfc062723c751e8b465ee728b)
Start importing Assets/Scenes/SkeletonWarrior.unity using Guid(29ca0c7dfd6fbef438e92a2a2eaefcc3) Importer(815301076,1909f56bfc062723c751e8b465ee728b)  -> (artifact id: '62a8f942be1f03a1f5183e945989ecc6') in 0.026724 seconds 
========================================================================
Received Import Request.
  Time since last request: 17.281430 seconds.
  path: Assets/Scenes/TesseractSpinning 1.unity
  artifactKey: Guid(3b4d5c2f166dab146a5c5e54fbe7d18b) Importer(815301076,1909f56bfc062723c751e8b465ee728b)
Start importing Assets/Scenes/TesseractSpinning 1.unity using Guid(3b4d5c2f166dab146a5c5e54fbe7d18b) Importer(815301076,1909f56bfc062723c751e8b465ee728b)  -> (artifact id: '6969765b15a2330518e0efaac9639dab') in 0.018716 seconds 
========================================================================
Received Import Request.
  Time since last request: 23.655233 seconds.
  path: Assets/Scenes/SkeletonWarrior.unity
  artifactKey: Guid(3b4d5c2f166dab146a5c5e54fbe7d18b) Importer(815301076,1909f56bfc062723c751e8b465ee728b)
Start importing Assets/Scenes/SkeletonWarrior.unity using Guid(3b4d5c2f166dab146a5c5e54fbe7d18b) Importer(815301076,1909f56bfc062723c751e8b465ee728b)  -> (artifact id: 'c2d3cf89b5390d6fed0cfd1b5dde71a8') in 0.006579 seconds 
========================================================================
Received Import Request.
  Time since last request: 312.746052 seconds.
  path: Assets/Prefabs/SkeletonOutlaw - LOD0.prefab
  artifactKey: Guid(131c094a9ad7c924c8a4c2318c3ccad5) Importer(815301076,1909f56bfc062723c751e8b465ee728b)
Start importing Assets/Prefabs/SkeletonOutlaw - LOD0.prefab using Guid(131c094a9ad7c924c8a4c2318c3ccad5) Importer(815301076,1909f56bfc062723c751e8b465ee728b)  -> (artifact id: '3a21c202399e7c2d553f59637c62dc32') in 0.746001 seconds 
========================================================================
Received Prepare
Refreshing native plugins compatible for Editor in 317.80 ms, found 3 plugins.
Preloading 0 native plugins for Editor in 0.00 ms.
Unloading 22 Unused Serialized files (Serialized files now loaded: 0)
System memory in use before: 110.8 MB.
System memory in use after: 111.0 MB.

Unloading 21 unused Assets to reduce memory usage. Loaded Objects now: 4430.
Total: 29.129600 ms (FindLiveObjects: 0.612300 ms CreateObjectMapping: 0.425600 ms MarkObjects: 27.983700 ms  DeleteObjects: 0.106000 ms)

AssetImportParameters requested are different than current active one (requested -> active):
  custom:framework-win-MediaFoundation: 216162199b28c13a410421893ffa2e32 -> 
  custom:video-decoder-ogg-theora: a1e56fd34408186e4bbccfd4996cb3dc -> 
  custom:container-muxer-webm: aa71ff27fc2769a1b78a27578f13a17b -> 
  custom:container-demuxer-webm: 4f35f7cbe854078d1ac9338744f61a02 -> 
  custom:container-demuxer-ogg: 62fdf1f143b41e24485cea50d1cbac27 -> 
  custom:video-encoder-webm-vp8: eb34c28f22e8b96e1ab97ce403110664 -> 
  custom:video-decoder-webm-vp8: 9c59270c3fd7afecdb556c50c9e8de78 -> 
  custom:audio-decoder-ogg-vorbis: bf7c407c2cedff20999df2af8eb42d56 -> 
  custom:audio-encoder-webm-vorbis: bf7c407c2cedff20999df2af8eb42d56 -> 
